<?xml version="1.0" encoding="UTF-8"?>
<!-- Generated by org.testng.reporters.JUnitReportReporter -->
<testsuite hostname="kaspar-HP-ProBook-4540s" failures="0" tests="1" name="Runner.TestRunner" time="9.816" errors="0" timestamp="2022-12-27T19:11:08 IST" skipped="0">
  <testcase classname="Runner.TestRunner" name="runScenario" time="9.816"/>
  <system-out/>
</testsuite> <!-- Runner.TestRunner -->
